Using pre-set license
Built from '2020.3/staging' branch; Version is '2020.3.8f1 (507919d4fff5) revision 5273881'; Using compiler version '192528614'; Build Type 'Release'
OS: 'Windows 10 Pro; OS build 17763.1577; Version 1809; 64bit' Language: 'pt' Physical Memory: 8102 MB
BatchMode: 1, IsHumanControllingUs: 0, StartBugReporterOnCrash: 0, Is64bit: 1, IsPro: 0

 COMMAND LINE ARGUMENTS:
D:\Programas\2020.3.8f1\Editor\Unity.exe
-adb2
-batchMode
-noUpm
-name
AssetImportWorker0
-projectPath
C:/Users/USER10/Documents/GitHub/Objeto04
-logFile
Logs/AssetImportWorker0.log
-srvPort
55705
Successfully changed project path to: C:/Users/USER10/Documents/GitHub/Objeto04
C:/Users/USER10/Documents/GitHub/Objeto04
Using Asset Import Pipeline V2.
Refreshing native plugins compatible for Editor in 97.73 ms, found 0 plugins.
Preloading 0 native plugins for Editor in 0.00 ms.
Initialize engine version: 2020.3.8f1 (507919d4fff5)
[Subsystems] Discovering subsystems at path D:/Programas/2020.3.8f1/Editor/Data/Resources/UnitySubsystems
[Subsystems] Discovering subsystems at path C:/Users/USER10/Documents/GitHub/Objeto04/Assets
GfxDevice: creating device client; threaded=0
Direct3D:
    Version:  Direct3D 11.0 [level 11.0]
    Renderer: NVIDIA GeForce 920M (ID=0x1299)
    Vendor:   
    VRAM:     2009 MB
    Driver:   25.21.14.2545
Initialize mono
Mono path[0] = 'D:/Programas/2020.3.8f1/Editor/Data/Managed'
Mono path[1] = 'D:/Programas/2020.3.8f1/Editor/Data/MonoBleedingEdge/lib/mono/unityjit'
Mono config path = 'D:/Programas/2020.3.8f1/Editor/Data/MonoBleedingEdge/etc'
Using monoOptions --debugger-agent=transport=dt_socket,embedding=1,server=y,suspend=n,address=127.0.0.1:56528
Begin MonoManager ReloadAssembly
Registering precompiled unity dll's ...
Register platform support module: D:/Programas/2020.3.8f1/Editor/Data/PlaybackEngines/WindowsStandaloneSupport/UnityEditor.WindowsStandalone.Extensions.dll
Registered in 0.002152 seconds.
Native extension for WindowsStandalone target not found
Refreshing native plugins compatible for Editor in 186.09 ms, found 0 plugins.
Preloading 0 native plugins for Editor in 0.00 ms.
Mono: successfully reloaded assembly
- Completed reload, in  3.199 seconds
Platform modules already initialized, skipping
Registering precompiled user dll's ...
Registered in 0.001752 seconds.
Begin MonoManager ReloadAssembly
Native extension for WindowsStandalone target not found
Refreshing native plugins compatible for Editor in 0.42 ms, found 0 plugins.
Preloading 0 native plugins for Editor in 0.00 ms.
Mono: successfully reloaded assembly
- Completed reload, in  3.202 seconds
Platform modules already initialized, skipping
========================================================================
Worker process is ready to serve import requests
Launched and connected shader compiler UnityShaderCompiler.exe after 0.11 seconds
Refreshing native plugins compatible for Editor in 0.43 ms, found 0 plugins.
Preloading 0 native plugins for Editor in 0.00 ms.
Unloading 1118 Unused Serialized files (Serialized files now loaded: 0)
System memory in use before: 57.5 MB.
System memory in use after: 57.5 MB.

Unloading 10 unused Assets to reduce memory usage. Loaded Objects now: 1560.
Total: 2.747700 ms (FindLiveObjects: 0.190600 ms CreateObjectMapping: 0.080500 ms MarkObjects: 2.360800 ms  DeleteObjects: 0.113700 ms)

========================================================================
Received Import Request.
  path: Assets/cube.prefab
  artifactKey: Guid(3635c2cbe1045704fb60dbd45746f254) Importer(815301076,1909f56bfc062723c751e8b465ee728b)
Start importing Assets/cube.prefab using Guid(3635c2cbe1045704fb60dbd45746f254) Importer(815301076,1909f56bfc062723c751e8b465ee728b)  -> (artifact id: '65a8cc3f805462de102c2ff58d2bc901') in 0.521470 seconds
  Import took 0.527972 seconds .

========================================================================
Received Import Request.
  Time since last request: 121.579556 seconds.
  path: Assets/randColorCS.cs
  artifactKey: Guid(3552304254b681946821252b4a93c96d) Importer(815301076,1909f56bfc062723c751e8b465ee728b)
Start importing Assets/randColorCS.cs using Guid(3552304254b681946821252b4a93c96d) Importer(815301076,1909f56bfc062723c751e8b465ee728b)  -> (artifact id: '553ea8f7332a5f9e8fd92ada79a2ab17') in 0.011261 seconds
  Import took 0.015558 seconds .

========================================================================
Received Import Request.
  Time since last request: 0.063486 seconds.
  path: Assets/randColorCS.cs
  artifactKey: Guid(3552304254b681946821252b4a93c96d) Importer(815301076,1909f56bfc062723c751e8b465ee728b)
Start importing Assets/randColorCS.cs using Guid(3552304254b681946821252b4a93c96d) Importer(815301076,1909f56bfc062723c751e8b465ee728b)  -> (artifact id: '553ea8f7332a5f9e8fd92ada79a2ab17') in 0.004486 seconds
  Import took 0.013260 seconds .

========================================================================
Received Import Request.
  Time since last request: 59.975260 seconds.
  path: Assets/randColorCS.cs
  artifactKey: Guid(3552304254b681946821252b4a93c96d) Importer(815301076,1909f56bfc062723c751e8b465ee728b)
Start importing Assets/randColorCS.cs using Guid(3552304254b681946821252b4a93c96d) Importer(815301076,1909f56bfc062723c751e8b465ee728b)  -> (artifact id: 'ffe3d96dde732003016c92706d410431') in 0.080070 seconds
  Import took 0.176665 seconds .

========================================================================
Received Prepare
Registering precompiled user dll's ...
Registered in 0.001036 seconds.
Begin MonoManager ReloadAssembly
Native extension for WindowsStandalone target not found
Refreshing native plugins compatible for Editor in 0.29 ms, found 0 plugins.
Preloading 0 native plugins for Editor in 0.00 ms.
Mono: successfully reloaded assembly
- Completed reload, in  1.829 seconds
Platform modules already initialized, skipping
Refreshing native plugins compatible for Editor in 0.33 ms, found 0 plugins.
Preloading 0 native plugins for Editor in 0.00 ms.
Unloading 1113 Unused Serialized files (Serialized files now loaded: 0)
System memory in use before: 60.5 MB.
System memory in use after: 60.6 MB.

Unloading 6 unused Assets to reduce memory usage. Loaded Objects now: 1571.
Total: 2.467800 ms (FindLiveObjects: 0.199100 ms CreateObjectMapping: 0.102700 ms MarkObjects: 2.083000 ms  DeleteObjects: 0.081400 ms)

========================================================================
Received Import Request.
  Time since last request: 109.521686 seconds.
  path: Assets/randColorCS.cs
  artifactKey: Guid(3552304254b681946821252b4a93c96d) Importer(815301076,1909f56bfc062723c751e8b465ee728b)
Start importing Assets/randColorCS.cs using Guid(3552304254b681946821252b4a93c96d) Importer(815301076,1909f56bfc062723c751e8b465ee728b)  -> (artifact id: 'b9165b34ccfeed8381d68ae184001686') in 0.007785 seconds
  Import took 0.011377 seconds .

========================================================================
Received Import Request.
  Time since last request: 68.851510 seconds.
  path: Assets/randColorCS.cs
  artifactKey: Guid(3552304254b681946821252b4a93c96d) Importer(815301076,1909f56bfc062723c751e8b465ee728b)
Start importing Assets/randColorCS.cs using Guid(3552304254b681946821252b4a93c96d) Importer(815301076,1909f56bfc062723c751e8b465ee728b)  -> (artifact id: 'b00ebc780cc9048cac3cc064dee52d52') in 0.005177 seconds
  Import took 0.057684 seconds .

========================================================================
Received Import Request.
  Time since last request: 45.571807 seconds.
  path: Assets/randColorCS.cs
  artifactKey: Guid(3552304254b681946821252b4a93c96d) Importer(815301076,1909f56bfc062723c751e8b465ee728b)
Start importing Assets/randColorCS.cs using Guid(3552304254b681946821252b4a93c96d) Importer(815301076,1909f56bfc062723c751e8b465ee728b)  -> (artifact id: 'c0808ba1237309402b2b87956ddffd8f') in 0.044429 seconds
  Import took 0.052890 seconds .

========================================================================
Received Import Request.
  Time since last request: 14.467043 seconds.
  path: Assets/randColorCS.cs
  artifactKey: Guid(3552304254b681946821252b4a93c96d) Importer(815301076,1909f56bfc062723c751e8b465ee728b)
Start importing Assets/randColorCS.cs using Guid(3552304254b681946821252b4a93c96d) Importer(815301076,1909f56bfc062723c751e8b465ee728b)  -> (artifact id: 'e11a3d8cc7c7dbb440468de338f5da68') in 0.056317 seconds
  Import took 0.064496 seconds .

========================================================================
Received Import Request.
  Time since last request: 98.036246 seconds.
  path: Assets/randColorCS.cs
  artifactKey: Guid(3552304254b681946821252b4a93c96d) Importer(815301076,1909f56bfc062723c751e8b465ee728b)
Start importing Assets/randColorCS.cs using Guid(3552304254b681946821252b4a93c96d) Importer(815301076,1909f56bfc062723c751e8b465ee728b)  -> (artifact id: '03cc5f1de0d8680eba685502ab8227ab') in 0.027713 seconds
  Import took 0.040452 seconds .

========================================================================
Received Import Request.
  Time since last request: 67.839845 seconds.
  path: Assets/randColorCS.cs
  artifactKey: Guid(3552304254b681946821252b4a93c96d) Importer(815301076,1909f56bfc062723c751e8b465ee728b)
Start importing Assets/randColorCS.cs using Guid(3552304254b681946821252b4a93c96d) Importer(815301076,1909f56bfc062723c751e8b465ee728b)  -> (artifact id: 'a7ff518828ff117d6e0a7d30442c4ad2') in 0.065044 seconds
  Import took 0.152565 seconds .

AssetImportWorkerClient::OnTransportError - code=2 error=End of file
