Using pre-set license
Built from '2020.3/staging' branch; Version is '2020.3.8f1 (507919d4fff5) revision 5273881'; Using compiler version '192528614'; Build Type 'Release'
OS: 'Windows 10 Home Single Language; OS build 19043.1165; Version 2009; 64bit' Language: 'pt' Physical Memory: 20389 MB
BatchMode: 1, IsHumanControllingUs: 0, StartBugReporterOnCrash: 0, Is64bit: 1, IsPro: 0

 COMMAND LINE ARGUMENTS:
C:\Program Files\Unity\Hub\Editor\2020.3.8f1\Editor\Unity.exe
-adb2
-batchMode
-noUpm
-name
AssetImportWorker0
-projectPath
C:/Users/GABRIEL/Documents/GitHub/Objeto04
-logFile
Logs/AssetImportWorker0.log
-srvPort
50024
Successfully changed project path to: C:/Users/GABRIEL/Documents/GitHub/Objeto04
C:/Users/GABRIEL/Documents/GitHub/Objeto04
Using Asset Import Pipeline V2.
Refreshing native plugins compatible for Editor in 63.26 ms, found 0 plugins.
Preloading 0 native plugins for Editor in 0.00 ms.
Initialize engine version: 2020.3.8f1 (507919d4fff5)
[Subsystems] Discovering subsystems at path C:/Program Files/Unity/Hub/Editor/2020.3.8f1/Editor/Data/Resources/UnitySubsystems
[Subsystems] Discovering subsystems at path C:/Users/GABRIEL/Documents/GitHub/Objeto04/Assets
GfxDevice: creating device client; threaded=0
Direct3D:
    Version:  Direct3D 11.0 [level 11.1]
    Renderer: NVIDIA GeForce MX150 (ID=0x1d10)
    Vendor:   
    VRAM:     1983 MB
    Driver:   30.0.14.7168
Initialize mono
Mono path[0] = 'C:/Program Files/Unity/Hub/Editor/2020.3.8f1/Editor/Data/Managed'
Mono path[1] = 'C:/Program Files/Unity/Hub/Editor/2020.3.8f1/Editor/Data/MonoBleedingEdge/lib/mono/unityjit'
Mono config path = 'C:/Program Files/Unity/Hub/Editor/2020.3.8f1/Editor/Data/MonoBleedingEdge/etc'
Using monoOptions --debugger-agent=transport=dt_socket,embedding=1,server=y,suspend=n,address=127.0.0.1:56016
Begin MonoManager ReloadAssembly
Registering precompiled unity dll's ...
Register platform support module: C:/Program Files/Unity/Hub/Editor/2020.3.8f1/Editor/Data/PlaybackEngines/WindowsStandaloneSupport/UnityEditor.WindowsStandalone.Extensions.dll
Registered in 0.005709 seconds.
Native extension for WindowsStandalone target not found
Refreshing native plugins compatible for Editor in 54.18 ms, found 0 plugins.
Preloading 0 native plugins for Editor in 0.00 ms.
Mono: successfully reloaded assembly
- Completed reload, in  2.602 seconds
Platform modules already initialized, skipping
Registering precompiled user dll's ...
Registered in 0.001911 seconds.
Begin MonoManager ReloadAssembly
Native extension for WindowsStandalone target not found
Refreshing native plugins compatible for Editor in 0.32 ms, found 0 plugins.
Preloading 0 native plugins for Editor in 0.00 ms.
Mono: successfully reloaded assembly
- Completed reload, in  1.964 seconds
Platform modules already initialized, skipping
========================================================================
Worker process is ready to serve import requests
Launched and connected shader compiler UnityShaderCompiler.exe after 0.11 seconds
Refreshing native plugins compatible for Editor in 0.39 ms, found 0 plugins.
Preloading 0 native plugins for Editor in 0.00 ms.
Unloading 1118 Unused Serialized files (Serialized files now loaded: 0)
System memory in use before: 57.3 MB.
System memory in use after: 57.3 MB.

Unloading 10 unused Assets to reduce memory usage. Loaded Objects now: 1560.
Total: 6.164300 ms (FindLiveObjects: 0.259000 ms CreateObjectMapping: 0.072700 ms MarkObjects: 5.526100 ms  DeleteObjects: 0.304200 ms)

========================================================================
Received Import Request.
  path: Assets/cube.prefab
  artifactKey: Guid(3635c2cbe1045704fb60dbd45746f254) Importer(815301076,1909f56bfc062723c751e8b465ee728b)
Start importing Assets/cube.prefab using Guid(3635c2cbe1045704fb60dbd45746f254) Importer(815301076,1909f56bfc062723c751e8b465ee728b)  -> (artifact id: '9fe0dcfe54a082527efc9544f5facefa') in 0.250766 seconds
  Import took 0.255956 seconds .

========================================================================
Received Prepare
Registering precompiled user dll's ...
Registered in 0.002248 seconds.
Begin MonoManager ReloadAssembly
Native extension for WindowsStandalone target not found
Refreshing native plugins compatible for Editor in 0.33 ms, found 0 plugins.
Preloading 0 native plugins for Editor in 0.00 ms.
Mono: successfully reloaded assembly
- Completed reload, in  2.223 seconds
Platform modules already initialized, skipping
Refreshing native plugins compatible for Editor in 0.60 ms, found 0 plugins.
Preloading 0 native plugins for Editor in 0.00 ms.
Unloading 1113 Unused Serialized files (Serialized files now loaded: 0)
System memory in use before: 60.3 MB.
System memory in use after: 60.4 MB.

Unloading 6 unused Assets to reduce memory usage. Loaded Objects now: 1571.
Total: 3.515700 ms (FindLiveObjects: 0.361900 ms CreateObjectMapping: 0.142100 ms MarkObjects: 2.885800 ms  DeleteObjects: 0.123500 ms)

========================================================================
Received Import Request.
  Time since last request: 133.514796 seconds.
  path: Assets/cube.prefab
  artifactKey: Guid(3635c2cbe1045704fb60dbd45746f254) Importer(815301076,1909f56bfc062723c751e8b465ee728b)
Start importing Assets/cube.prefab using Guid(3635c2cbe1045704fb60dbd45746f254) Importer(815301076,1909f56bfc062723c751e8b465ee728b)  -> (artifact id: '05be8cf77e31de374d49af3de664df5e') in 0.135492 seconds
  Import took 0.140644 seconds .

========================================================================
Received Prepare
Registering precompiled user dll's ...
Registered in 0.002361 seconds.
Begin MonoManager ReloadAssembly
Native extension for WindowsStandalone target not found
Refreshing native plugins compatible for Editor in 0.60 ms, found 0 plugins.
Preloading 0 native plugins for Editor in 0.00 ms.
Mono: successfully reloaded assembly
- Completed reload, in  2.582 seconds
Platform modules already initialized, skipping
Refreshing native plugins compatible for Editor in 0.41 ms, found 0 plugins.
Preloading 0 native plugins for Editor in 0.00 ms.
Unloading 1113 Unused Serialized files (Serialized files now loaded: 0)
System memory in use before: 60.4 MB.
System memory in use after: 60.4 MB.

Unloading 6 unused Assets to reduce memory usage. Loaded Objects now: 1575.
Total: 6.389800 ms (FindLiveObjects: 0.625600 ms CreateObjectMapping: 0.188300 ms MarkObjects: 5.482100 ms  DeleteObjects: 0.091100 ms)

========================================================================
Received Import Request.
  Time since last request: 7.101322 seconds.
  path: Assets/cube.prefab
  artifactKey: Guid(3635c2cbe1045704fb60dbd45746f254) Importer(815301076,1909f56bfc062723c751e8b465ee728b)
Start importing Assets/cube.prefab using Guid(3635c2cbe1045704fb60dbd45746f254) Importer(815301076,1909f56bfc062723c751e8b465ee728b)  -> (artifact id: '77fe3e05694d9fa19a4aa3e89dc1085e') in 0.236147 seconds
  Import took 0.243161 seconds .

========================================================================
Received Import Request.
  Time since last request: 8.427066 seconds.
  path: Assets/cube.prefab
  artifactKey: Guid(3635c2cbe1045704fb60dbd45746f254) Importer(815301076,1909f56bfc062723c751e8b465ee728b)
Start importing Assets/cube.prefab using Guid(3635c2cbe1045704fb60dbd45746f254) Importer(815301076,1909f56bfc062723c751e8b465ee728b)  -> (artifact id: '8b495c5428e63e08063646f20fc06a64') in 0.025522 seconds
  Import took 0.031492 seconds .

========================================================================
Received Import Request.
  Time since last request: 0.018998 seconds.
  path: Assets/cube.prefab
  artifactKey: Guid(3635c2cbe1045704fb60dbd45746f254) Importer(815301076,1909f56bfc062723c751e8b465ee728b)
Start importing Assets/cube.prefab using Guid(3635c2cbe1045704fb60dbd45746f254) Importer(815301076,1909f56bfc062723c751e8b465ee728b)  -> (artifact id: '8b495c5428e63e08063646f20fc06a64') in 0.031829 seconds
  Import took 0.037679 seconds .

========================================================================
Received Import Request.
  Time since last request: 2.772837 seconds.
  path: Assets/cube.prefab
  artifactKey: Guid(3635c2cbe1045704fb60dbd45746f254) Importer(815301076,1909f56bfc062723c751e8b465ee728b)
Start importing Assets/cube.prefab using Guid(3635c2cbe1045704fb60dbd45746f254) Importer(815301076,1909f56bfc062723c751e8b465ee728b)  -> (artifact id: 'd4381584d77a7d65b2bbaef5f2ed536f') in 0.020702 seconds
  Import took 0.024988 seconds .

========================================================================
Received Import Request.
  Time since last request: 0.026995 seconds.
  path: Assets/cube.prefab
  artifactKey: Guid(3635c2cbe1045704fb60dbd45746f254) Importer(815301076,1909f56bfc062723c751e8b465ee728b)
Start importing Assets/cube.prefab using Guid(3635c2cbe1045704fb60dbd45746f254) Importer(815301076,1909f56bfc062723c751e8b465ee728b)  -> (artifact id: 'd4381584d77a7d65b2bbaef5f2ed536f') in 0.021924 seconds
  Import took 0.028996 seconds .

========================================================================
Received Prepare
Registering precompiled user dll's ...
Registered in 0.004315 seconds.
Begin MonoManager ReloadAssembly
Native extension for WindowsStandalone target not found
Refreshing native plugins compatible for Editor in 0.38 ms, found 0 plugins.
Preloading 0 native plugins for Editor in 0.00 ms.
Mono: successfully reloaded assembly
- Completed reload, in  2.610 seconds
Platform modules already initialized, skipping
Refreshing native plugins compatible for Editor in 0.69 ms, found 0 plugins.
Preloading 0 native plugins for Editor in 0.00 ms.
Unloading 1113 Unused Serialized files (Serialized files now loaded: 0)
System memory in use before: 60.4 MB.
System memory in use after: 60.5 MB.

Unloading 6 unused Assets to reduce memory usage. Loaded Objects now: 1579.
Total: 4.823900 ms (FindLiveObjects: 1.182500 ms CreateObjectMapping: 0.194000 ms MarkObjects: 3.041700 ms  DeleteObjects: 0.403700 ms)

========================================================================
Received Import Request.
  Time since last request: 9.213187 seconds.
  path: Assets/cube.prefab
  artifactKey: Guid(3635c2cbe1045704fb60dbd45746f254) Importer(815301076,1909f56bfc062723c751e8b465ee728b)
Start importing Assets/cube.prefab using Guid(3635c2cbe1045704fb60dbd45746f254) Importer(815301076,1909f56bfc062723c751e8b465ee728b)  -> (artifact id: 'f4c398e026167a15e30feab26a065422') in 0.201612 seconds
  Import took 0.209000 seconds .

========================================================================
Received Prepare
Registering precompiled user dll's ...
Registered in 0.003170 seconds.
Begin MonoManager ReloadAssembly
Native extension for WindowsStandalone target not found
Refreshing native plugins compatible for Editor in 0.86 ms, found 0 plugins.
Preloading 0 native plugins for Editor in 0.00 ms.
Mono: successfully reloaded assembly
- Completed reload, in  3.484 seconds
Platform modules already initialized, skipping
Refreshing native plugins compatible for Editor in 0.42 ms, found 0 plugins.
Preloading 0 native plugins for Editor in 0.00 ms.
Unloading 1113 Unused Serialized files (Serialized files now loaded: 0)
System memory in use before: 60.4 MB.
System memory in use after: 60.5 MB.

Unloading 6 unused Assets to reduce memory usage. Loaded Objects now: 1583.
Total: 8.257900 ms (FindLiveObjects: 0.383300 ms CreateObjectMapping: 0.504900 ms MarkObjects: 7.227300 ms  DeleteObjects: 0.138700 ms)

========================================================================
Received Prepare
Registering precompiled user dll's ...
Registered in 0.002868 seconds.
Begin MonoManager ReloadAssembly
Native extension for WindowsStandalone target not found
Refreshing native plugins compatible for Editor in 0.35 ms, found 0 plugins.
Preloading 0 native plugins for Editor in 0.00 ms.
Mono: successfully reloaded assembly
- Completed reload, in  3.209 seconds
Platform modules already initialized, skipping
Refreshing native plugins compatible for Editor in 0.44 ms, found 0 plugins.
Preloading 0 native plugins for Editor in 0.00 ms.
Unloading 1113 Unused Serialized files (Serialized files now loaded: 0)
System memory in use before: 60.4 MB.
System memory in use after: 60.5 MB.

Unloading 5 unused Assets to reduce memory usage. Loaded Objects now: 1586.
Total: 5.553700 ms (FindLiveObjects: 0.772700 ms CreateObjectMapping: 0.171700 ms MarkObjects: 4.483400 ms  DeleteObjects: 0.121200 ms)

========================================================================
Received Prepare
Registering precompiled user dll's ...
Registered in 0.001963 seconds.
Begin MonoManager ReloadAssembly
Native extension for WindowsStandalone target not found
Refreshing native plugins compatible for Editor in 0.66 ms, found 0 plugins.
Preloading 0 native plugins for Editor in 0.00 ms.
Mono: successfully reloaded assembly
- Completed reload, in  2.090 seconds
Platform modules already initialized, skipping
Refreshing native plugins compatible for Editor in 0.37 ms, found 0 plugins.
Preloading 0 native plugins for Editor in 0.00 ms.
Unloading 1113 Unused Serialized files (Serialized files now loaded: 0)
System memory in use before: 60.5 MB.
System memory in use after: 60.5 MB.

Unloading 5 unused Assets to reduce memory usage. Loaded Objects now: 1589.
Total: 3.625900 ms (FindLiveObjects: 0.382600 ms CreateObjectMapping: 0.076300 ms MarkObjects: 3.077000 ms  DeleteObjects: 0.087300 ms)

AssetImportWorkerClient::OnTransportError - code=2 error=End of file
